

Started GET "/" for 127.0.0.1 at Sat Dec 03 14:26:04 -0600 2011

PGError (FATAL:  role "trevorturk" does not exist
):
  

Rendered /Users/mmearshe/.rvm/gems/ruby-1.8.7-p334/gems/actionpack-3.0.0/lib/action_dispatch/middleware/templates/rescues/_trace.erb (0.8ms)
Rendered /Users/mmearshe/.rvm/gems/ruby-1.8.7-p334/gems/actionpack-3.0.0/lib/action_dispatch/middleware/templates/rescues/_request_and_response.erb (2.3ms)
Rendered /Users/mmearshe/.rvm/gems/ruby-1.8.7-p334/gems/actionpack-3.0.0/lib/action_dispatch/middleware/templates/rescues/diagnostics.erb within rescues/layout (8.4ms)
  [1m[36mSQL (0.1ms)[0m  [1mselect sqlite_version(*)[0m
  [1m[35mSQL (0.1ms)[0m   SELECT name
 FROM sqlite_master
 WHERE type = 'table' AND NOT name = 'sqlite_sequence'
  [1m[36mSQL (109.8ms)[0m  [1mCREATE TABLE "feed_items" ("id" INTEGER PRIMARY KEY AUTOINCREMENT NOT NULL, "user_id" integer, "post_created_at" datetime, "post_id" integer, "poster_id" integer, "video_id" integer, "post_cache" text) [0m
  [1m[35mSQL (0.1ms)[0m  PRAGMA index_list("feed_items")
  [1m[36mSQL (69.1ms)[0m  [1mCREATE INDEX "index_feed_items_on_user_id_and_post_created_at" ON "feed_items" ("user_id", "post_created_at")[0m
  [1m[35mSQL (0.3ms)[0m   SELECT name
 FROM sqlite_master
 WHERE type = 'table' AND NOT name = 'sqlite_sequence'
  [1m[36mSQL (47.6ms)[0m  [1mCREATE TABLE "follows" ("id" INTEGER PRIMARY KEY AUTOINCREMENT NOT NULL, "follower_id" integer, "following_id" integer, "created_at" datetime) [0m
  [1m[35mSQL (0.1ms)[0m  PRAGMA index_list("follows")
  [1m[36mSQL (75.7ms)[0m  [1mCREATE INDEX "index_follows_on_follower_id_and_created_at" ON "follows" ("follower_id", "created_at")[0m
  [1m[35mSQL (0.3ms)[0m  PRAGMA index_list("follows")
  [1m[36mSQL (0.2ms)[0m  [1mPRAGMA index_info('index_follows_on_follower_id_and_created_at')[0m
  [1m[35mSQL (68.2ms)[0m  CREATE INDEX "index_follows_on_following_id_and_created_at" ON "follows" ("following_id", "created_at")
  [1m[36mSQL (0.3ms)[0m  [1m SELECT name
 FROM sqlite_master
 WHERE type = 'table' AND NOT name = 'sqlite_sequence'
[0m
  [1m[35mSQL (93.6ms)[0m  CREATE TABLE "posts" ("id" INTEGER PRIMARY KEY AUTOINCREMENT NOT NULL, "user_id" integer, "video_id" integer, "created_at" datetime) 
  [1m[36mSQL (0.1ms)[0m  [1mPRAGMA index_list("posts")[0m
  [1m[35mSQL (63.4ms)[0m  CREATE INDEX "index_posts_on_user_id_and_created_at" ON "posts" ("user_id", "created_at")
  [1m[36mSQL (0.2ms)[0m  [1mPRAGMA index_list("posts")[0m
  [1m[35mSQL (0.1ms)[0m  PRAGMA index_info('index_posts_on_user_id_and_created_at')
  [1m[36mSQL (44.5ms)[0m  [1mCREATE INDEX "index_posts_on_video_id_and_created_at" ON "posts" ("video_id", "created_at")[0m
  [1m[35mSQL (0.3ms)[0m   SELECT name
 FROM sqlite_master
 WHERE type = 'table' AND NOT name = 'sqlite_sequence'
  [1m[36mSQL (81.1ms)[0m  [1mCREATE TABLE "users" ("id" INTEGER PRIMARY KEY AUTOINCREMENT NOT NULL, "email" varchar(255) DEFAULT '' NOT NULL, "encrypted_password" varchar(128) DEFAULT '' NOT NULL, "password_salt" varchar(255) DEFAULT '' NOT NULL, "confirmation_token" varchar(255), "confirmed_at" datetime, "confirmation_sent_at" datetime, "reset_password_token" varchar(255), "remember_token" varchar(255), "remember_created_at" datetime, "sign_in_count" integer DEFAULT 0, "current_sign_in_at" datetime, "last_sign_in_at" datetime, "current_sign_in_ip" varchar(255), "last_sign_in_ip" varchar(255), "failed_attempts" integer DEFAULT 0, "unlock_token" varchar(255), "locked_at" datetime, "authentication_token" varchar(255), "created_at" datetime, "updated_at" datetime, "name" varchar(255), "username" varchar(255), "posts_count" integer DEFAULT 0, "followings_count" integer DEFAULT 0, "followers_count" integer DEFAULT 0) [0m
  [1m[35mSQL (0.1ms)[0m  PRAGMA index_list("users")
  [1m[36mSQL (96.7ms)[0m  [1mCREATE UNIQUE INDEX "index_users_on_confirmation_token" ON "users" ("confirmation_token")[0m
  [1m[35mSQL (0.2ms)[0m  PRAGMA index_list("users")
  [1m[36mSQL (0.1ms)[0m  [1mPRAGMA index_info('index_users_on_confirmation_token')[0m
  [1m[35mSQL (93.6ms)[0m  CREATE UNIQUE INDEX "index_users_on_email" ON "users" ("email")
  [1m[36mSQL (0.3ms)[0m  [1mPRAGMA index_list("users")[0m
  [1m[35mSQL (0.1ms)[0m  PRAGMA index_info('index_users_on_email')
  [1m[36mSQL (0.1ms)[0m  [1mPRAGMA index_info('index_users_on_confirmation_token')[0m
  [1m[35mSQL (87.0ms)[0m  CREATE UNIQUE INDEX "index_users_on_reset_password_token" ON "users" ("reset_password_token")
  [1m[36mSQL (0.3ms)[0m  [1mPRAGMA index_list("users")[0m
  [1m[35mSQL (0.1ms)[0m  PRAGMA index_info('index_users_on_reset_password_token')
  [1m[36mSQL (0.1ms)[0m  [1mPRAGMA index_info('index_users_on_email')[0m
  [1m[35mSQL (0.1ms)[0m  PRAGMA index_info('index_users_on_confirmation_token')
  [1m[36mSQL (92.0ms)[0m  [1mCREATE UNIQUE INDEX "index_users_on_unlock_token" ON "users" ("unlock_token")[0m
  [1m[35mSQL (0.3ms)[0m   SELECT name
 FROM sqlite_master
 WHERE type = 'table' AND NOT name = 'sqlite_sequence'
  [1m[36mSQL (97.3ms)[0m  [1mCREATE TABLE "videos" ("id" INTEGER PRIMARY KEY AUTOINCREMENT NOT NULL, "url" varchar(255), "created_at" datetime, "embedly_attrs" text, "posts_count" integer DEFAULT 0) [0m
  [1m[35mSQL (0.3ms)[0m   SELECT name
 FROM sqlite_master
 WHERE type = 'table' AND NOT name = 'sqlite_sequence'
  [1m[36mSQL (115.7ms)[0m  [1mCREATE TABLE "schema_migrations" ("version" varchar(255) NOT NULL) [0m
  [1m[35mSQL (0.1ms)[0m  PRAGMA index_list("schema_migrations")
  [1m[36mSQL (112.9ms)[0m  [1mCREATE UNIQUE INDEX "unique_schema_migrations" ON "schema_migrations" ("version")[0m
  [1m[35mSQL (0.4ms)[0m   SELECT name
 FROM sqlite_master
 WHERE type = 'table' AND NOT name = 'sqlite_sequence'
  [1m[36mSQL (0.2ms)[0m  [1mSELECT version FROM "schema_migrations"[0m
  [1m[35mSQL (120.3ms)[0m  INSERT INTO "schema_migrations" (version) VALUES ('20100910033948')
  [1m[36mSQL (132.0ms)[0m  [1mINSERT INTO "schema_migrations" (version) VALUES ('20100613182625')[0m
  [1m[35mSQL (124.8ms)[0m  INSERT INTO "schema_migrations" (version) VALUES ('20100615213225')
  [1m[36mSQL (95.3ms)[0m  [1mINSERT INTO "schema_migrations" (version) VALUES ('20100624210633')[0m
  [1m[35mSQL (82.5ms)[0m  INSERT INTO "schema_migrations" (version) VALUES ('20100624220052')
  [1m[36mSQL (65.9ms)[0m  [1mINSERT INTO "schema_migrations" (version) VALUES ('20100624234504')[0m
  [1m[35mSQL (71.3ms)[0m  INSERT INTO "schema_migrations" (version) VALUES ('20100624234649')
  [1m[36mSQL (51.6ms)[0m  [1mINSERT INTO "schema_migrations" (version) VALUES ('20100625005257')[0m
  [1m[35mSQL (91.4ms)[0m  INSERT INTO "schema_migrations" (version) VALUES ('20100625051556')
  [1m[36mSQL (10.7ms)[0m  [1mINSERT INTO "schema_migrations" (version) VALUES ('20100904173113')[0m
  [1m[35mSQL (2.9ms)[0m  INSERT INTO "schema_migrations" (version) VALUES ('20100904204516')
  [1m[36mSQL (2.9ms)[0m  [1mINSERT INTO "schema_migrations" (version) VALUES ('20100904212130')[0m
  [1m[35mSQL (2.9ms)[0m  INSERT INTO "schema_migrations" (version) VALUES ('20100904215031')
  [1m[36mSQL (3.0ms)[0m  [1mINSERT INTO "schema_migrations" (version) VALUES ('20100907171042')[0m
  [1m[35mSQL (4.4ms)[0m  INSERT INTO "schema_migrations" (version) VALUES ('20100907183434')
  [1m[36mSQL (5.2ms)[0m  [1mINSERT INTO "schema_migrations" (version) VALUES ('20100907184531')[0m
  [1m[35mSQL (4.7ms)[0m  INSERT INTO "schema_migrations" (version) VALUES ('20100910033243')


Started GET "/" for 127.0.0.1 at Sat Dec 03 14:29:36 -0600 2011
  Processing by HomeController#index as HTML
Redirected to http://thevideofeed.dev/videos
Completed 302 Found in 1ms


Started GET "/videos" for 127.0.0.1 at Sat Dec 03 14:29:37 -0600 2011
  Processing by VideosController#index as HTML
  [1m[36mSQL (1.3ms)[0m  [1m SELECT name
 FROM sqlite_master
 WHERE type = 'table' AND NOT name = 'sqlite_sequence'
[0m
  [1m[35mVideo Load (0.2ms)[0m  SELECT "videos".* FROM "videos" ORDER BY videos.created_at desc LIMIT 3 OFFSET 0
Rendered collection (0.0ms)
Rendered shared/_status.html.erb (18.1ms)
Rendered shared/_nav.html.erb (1.0ms)
Rendered videos/index.html.erb within layouts/application (29.7ms)
Completed 200 OK in 196ms (Views: 51.7ms | ActiveRecord: 1.5ms)


Started GET "/" for 127.0.0.1 at Sat Dec 03 14:31:26 -0600 2011
  Processing by HomeController#index as HTML
Redirected to http://thevideofeed.dev/videos
Completed 302 Found in 16ms


Started GET "/videos" for 127.0.0.1 at Sat Dec 03 14:31:26 -0600 2011
  Processing by VideosController#index as HTML
  [1m[36mVideo Load (0.4ms)[0m  [1mSELECT "videos".* FROM "videos" ORDER BY videos.created_at desc LIMIT 3 OFFSET 0[0m
Rendered collection (0.0ms)
Rendered shared/_status.html.erb (18.2ms)
Rendered shared/_nav.html.erb (0.9ms)
Rendered videos/index.html.erb within layouts/application (62.1ms)
Completed 200 OK in 74ms (Views: 67.2ms | ActiveRecord: 0.4ms)
  [1m[36mSQL (1.8ms)[0m  [1m SELECT name
 FROM sqlite_master
 WHERE type = 'table' AND NOT name = 'sqlite_sequence'
[0m
  [1m[35mSQL (0.3ms)[0m   SELECT name
 FROM sqlite_master
 WHERE type = 'table' AND NOT name = 'sqlite_sequence'
  [1m[36mVideo Load (0.8ms)[0m  [1mSELECT "videos".* FROM "videos" ORDER BY videos.id DESC LIMIT 1[0m
  [1m[35mVideo Load (0.3ms)[0m  SELECT "videos".* FROM "videos" LIMIT 1


Started GET "/users/new" for 127.0.0.1 at Sat Dec 03 15:14:54 -0600 2011
  Processing by UsersController#new as HTML
Rendered shared/_status.html.erb (1.1ms)
Rendered shared/_nav.html.erb (0.9ms)
Rendered users/new.html.erb within layouts/application (20.4ms)
Completed 200 OK in 32ms (Views: 31.3ms | ActiveRecord: 0.0ms)


Started POST "/users" for 127.0.0.1 at Sat Dec 03 15:15:02 -0600 2011
  Processing by UsersController#create as HTML
  Parameters: {"commit"=>"sign up", "authenticity_token"=>"F4iikMIBGPHxpap3MBHqP8as6wDO6/irZ/LW61vePEI=", "utf8"=>"✓", "user"=>{"name"=>"test", "username"=>"test", "password"=>"[FILTERED]", "email"=>"test@example.com"}}
  [1m[36mSQL (0.2ms)[0m  [1m SELECT name
 FROM sqlite_master
 WHERE type = 'table' AND NOT name = 'sqlite_sequence'
[0m
  [1m[35mUser Load (0.1ms)[0m  SELECT "users"."id" FROM "users" WHERE (LOWER("users"."email") = LOWER('test@example.com')) LIMIT 1
  [1m[36mUser Load (0.1ms)[0m  [1mSELECT "users"."id" FROM "users" WHERE (LOWER("users"."username") = LOWER('test')) LIMIT 1[0m
  [1m[35mSQL (13.4ms)[0m  INSERT INTO "users" ("authentication_token", "confirmation_sent_at", "confirmation_token", "confirmed_at", "created_at", "current_sign_in_at", "current_sign_in_ip", "email", "encrypted_password", "failed_attempts", "followers_count", "followings_count", "last_sign_in_at", "last_sign_in_ip", "locked_at", "name", "password_salt", "posts_count", "remember_created_at", "remember_token", "reset_password_token", "sign_in_count", "unlock_token", "updated_at", "username") VALUES (NULL, NULL, NULL, NULL, '2011-12-03 21:15:02.746264', NULL, NULL, 'test@example.com', '$2a$10$BLgv420bm3KjCTLFtqwHiO6lXPDs3krocyY8u5bALMO0cgC71bc1i', 0, 0, 0, NULL, NULL, NULL, 'test', '$2a$10$BLgv420bm3KjCTLFtqwHiO', 0, NULL, NULL, NULL, 0, NULL, '2011-12-03 21:15:02.746264', 'test')
  [1m[36mSQL (0.4ms)[0m  [1mUPDATE "users" SET "current_sign_in_at" = '2011-12-03 21:15:02.776492', "current_sign_in_ip" = '127.0.0.1', "last_sign_in_at" = '2011-12-03 21:15:02.776492', "last_sign_in_ip" = '127.0.0.1', "sign_in_count" = 1, "updated_at" = '2011-12-03 21:15:02.776930' WHERE ("users"."id" = 1)[0m
Redirected to http://thevideofeed.dev/
Completed 302 Found in 442ms


Started GET "/" for 127.0.0.1 at Sat Dec 03 15:15:02 -0600 2011
  Processing by HomeController#index as HTML
  [1m[35mUser Load (0.2ms)[0m  SELECT "users".* FROM "users" WHERE ("users"."id" = 1) LIMIT 1
Redirected to http://thevideofeed.dev/users/test/feed
Completed 302 Found in 57ms


Started GET "/users/test/feed" for 127.0.0.1 at Sat Dec 03 15:15:02 -0600 2011
  Processing by UsersController#feed as HTML
  Parameters: {"user_id"=>"test"}
  [1m[36mUser Load (0.2ms)[0m  [1mSELECT "users".* FROM "users" WHERE ("users"."username" = 'test') LIMIT 1[0m
  [1m[35mFeedItem Load (0.2ms)[0m  SELECT "feed_items".* FROM "feed_items" WHERE ("feed_items".user_id = 1) ORDER BY feed_items.post_created_at desc LIMIT 3 OFFSET 0
  [1m[36mUser Load (0.4ms)[0m  [1mSELECT "users".* FROM "users" WHERE ("users"."id" = 1) LIMIT 1[0m
Rendered posts/_form.html.erb (14.7ms)
Rendered collection (0.0ms)
Rendered shared/_status.html.erb (1.1ms)
Rendered shared/_nav.html.erb (1.0ms)
Rendered users/feed.html.erb within layouts/application (24.0ms)
Completed 200 OK in 134ms (Views: 29.9ms | ActiveRecord: 15.2ms)


Started POST "/posts" for 127.0.0.1 at Sat Dec 03 15:15:21 -0600 2011
  Processing by PostsController#create as HTML
  Parameters: {"commit"=>"post", "post"=>{"url"=>"http://www.youtube.com/watch?v=oHg5SJYRHA0"}, "authenticity_token"=>"F4iikMIBGPHxpap3MBHqP8as6wDO6/irZ/LW61vePEI=", "utf8"=>"✓"}
  [1m[35mUser Load (0.2ms)[0m  SELECT "users".* FROM "users" WHERE ("users"."id" = 1) LIMIT 1
  [1m[36mVideo Load (0.1ms)[0m  [1mSELECT "videos".* FROM "videos" WHERE ("videos"."url" = 'http://www.youtube.com/watch?v=oHg5SJYRHA0') LIMIT 1[0m
  [1m[35mVideo Load (0.1ms)[0m  SELECT "videos"."id" FROM "videos" WHERE ("videos"."url" = 'http://www.youtube.com/watch?v=oHg5SJYRHA0') LIMIT 1
  [1m[36mSQL (0.3ms)[0m  [1mINSERT INTO "videos" ("created_at", "embedly_attrs", "posts_count", "url") VALUES ('2011-12-03 21:15:21.810275', '{"html":"<iframe width=\"640\" height=\"360\" src=\"http://www.youtube.com/embed/oHg5SJYRHA0?fs=1&feature=oembed\" frameborder=\"0\" allowfullscreen></iframe>","thumbnail_width":480,"author_name":"cotter548","title":"RickRoll''D","provider_url":"http://www.youtube.com/","url":"http://www.youtube.com/watch?v=oHg5SJYRHA0","provider_name":"YouTube","thumbnail_height":360,"type":"video","version":"1.0","height":360,"thumbnail_url":"http://i4.ytimg.com/vi/oHg5SJYRHA0/hqdefault.jpg","description":"Ask me a question on Reddit. I''ll answer it. Or I''ll rickroll you. 50/50 shot. http://www.reddit.com/r/IAmA/comments/mx53y/i_am_youtube_user_cotter548_aka_the_inventor_of/ http://www.facebook.com/rickroll548","author_url":"http://www.youtube.com/user/cotter548","width":640}', 0, 'http://www.youtube.com/watch?v=oHg5SJYRHA0')[0m
  [1m[35mPost Load (1.3ms)[0m  SELECT "posts"."id" FROM "posts" WHERE ("posts"."video_id" = 1) AND ("posts"."user_id" = 1) LIMIT 1
  [1m[36mSQL (0.1ms)[0m  [1mINSERT INTO "posts" ("created_at", "user_id", "video_id") VALUES ('2011-12-03 21:15:21.816476', 1, 1)[0m
  [1m[35mUser Load (0.2ms)[0m  SELECT "users".* FROM "users" WHERE ("users"."id" = 1) LIMIT 1
  [1m[36mSQL (0.1ms)[0m  [1mUPDATE "users" SET "posts_count" = COALESCE("posts_count", 0) + 1 WHERE ("users"."id" = 1)[0m
  [1m[35mSQL (0.0ms)[0m  UPDATE "videos" SET "posts_count" = COALESCE("posts_count", 0) + 1 WHERE ("videos"."id" = 1)
  [1m[36mUser Load (0.2ms)[0m  [1mSELECT "users".* FROM "users" INNER JOIN "follows" ON "users".id = "follows".follower_id WHERE (("follows".following_id = 1))[0m
  [1m[35mFeedItem Load (0.1ms)[0m  SELECT "feed_items"."id" FROM "feed_items" WHERE ("feed_items"."post_id" = 1) AND ("feed_items"."user_id" = 1) LIMIT 1
  [1m[36mFeedItem Load (0.1ms)[0m  [1mSELECT "feed_items"."id" FROM "feed_items" WHERE ("feed_items"."video_id" = 1) AND ("feed_items"."user_id" = 1) LIMIT 1[0m
  [1m[35mSQL (0.1ms)[0m  INSERT INTO "feed_items" ("post_cache", "post_created_at", "post_id", "poster_id", "user_id", "video_id") VALUES ('{"post":{"video":{"embedly":{"html":"<iframe width=\"640\" height=\"360\" src=\"http://www.youtube.com/embed/oHg5SJYRHA0?fs=1&feature=oembed\" frameborder=\"0\" allowfullscreen></iframe>","thumbnail_width":480,"title":"RickRoll''D","author_name":"cotter548","provider_url":"http://www.youtube.com/","url":"http://www.youtube.com/watch?v=oHg5SJYRHA0","provider_name":"YouTube","version":"1.0","type":"video","thumbnail_height":360,"height":360,"description":"Ask me a question on Reddit. I''ll answer it. Or I''ll rickroll you. 50/50 shot. http://www.reddit.com/r/IAmA/comments/mx53y/i_am_youtube_user_cotter548_aka_the_inventor_of/ http://www.facebook.com/rickroll548","thumbnail_url":"http://i4.ytimg.com/vi/oHg5SJYRHA0/hqdefault.jpg","author_url":"http://www.youtube.com/user/cotter548","width":640},"to_param":"1-rickroll-d","url":"http://www.youtube.com/watch?v=oHg5SJYRHA0","to_s":"RickRoll''D"},"user":{"name":"test","to_param":"test","username":"test","to_s":"test","email":"test@example.com"},"created_at":"2011-12-03T21:15:21Z","video_id":1,"id":1,"user_id":1}}', '2011-12-03 21:15:21.816476', 1, 1, 1, 1)
Redirected to http://thevideofeed.dev/
Completed 302 Found in 680ms


Started GET "/" for 127.0.0.1 at Sat Dec 03 15:15:22 -0600 2011
  Processing by HomeController#index as HTML
  [1m[36mUser Load (0.2ms)[0m  [1mSELECT "users".* FROM "users" WHERE ("users"."id" = 1) LIMIT 1[0m
Redirected to http://thevideofeed.dev/users/test/feed
Completed 302 Found in 76ms


Started GET "/users/test/feed" for 127.0.0.1 at Sat Dec 03 15:15:22 -0600 2011
  Processing by UsersController#feed as HTML
  Parameters: {"user_id"=>"test"}
  [1m[35mUser Load (0.2ms)[0m  SELECT "users".* FROM "users" WHERE ("users"."username" = 'test') LIMIT 1
  [1m[36mFeedItem Load (0.2ms)[0m  [1mSELECT "feed_items".* FROM "feed_items" WHERE ("feed_items".user_id = 1) ORDER BY feed_items.post_created_at desc LIMIT 3 OFFSET 0[0m
  [1m[35mUser Load (0.2ms)[0m  SELECT "users".* FROM "users" WHERE ("users"."id" = 1) LIMIT 1
Rendered posts/_form.html.erb (61.7ms)
Rendered feed_items/_feed_item.html.erb (0.6ms)
Rendered shared/_status.html.erb (1.0ms)
Rendered shared/_nav.html.erb (0.9ms)
Rendered users/feed.html.erb within layouts/application (74.7ms)
Completed 200 OK in 122ms (Views: 79.4ms | ActiveRecord: 3.9ms)
  [1m[36mVideo Load (0.4ms)[0m  [1mSELECT "videos".* FROM "videos" LIMIT 1[0m
  [1m[35mVideo Load (0.5ms)[0m  SELECT "videos".* FROM "videos" LIMIT 1


Started GET "/" for 127.0.0.1 at Sun Dec 04 22:31:23 -0600 2011
  Processing by HomeController#index as HTML
Redirected to http://thevideofeed.dev/videos
Completed 302 Found in 1ms


Started GET "/videos" for 127.0.0.1 at Sun Dec 04 22:31:23 -0600 2011
  Processing by VideosController#index as HTML
  [1m[36mSQL (1.1ms)[0m  [1m SELECT name
 FROM sqlite_master
 WHERE type = 'table' AND NOT name = 'sqlite_sequence'
[0m
  [1m[35mVideo Load (0.6ms)[0m  SELECT "videos".* FROM "videos" ORDER BY videos.created_at desc LIMIT 3 OFFSET 0
Rendered videos/_video.html.erb (144.4ms)
Rendered shared/_status.html.erb (62.4ms)
Rendered shared/_nav.html.erb (1.2ms)
Rendered videos/index.html.erb within layouts/application (229.5ms)
Completed 200 OK in 256ms (Views: 242.1ms | ActiveRecord: 1.7ms)


Started GET "/users" for 127.0.0.1 at Sun Dec 04 22:31:28 -0600 2011
  Processing by UsersController#index as HTML
  [1m[36mUser Load (0.5ms)[0m  [1mSELECT "users".* FROM "users" ORDER BY users.created_at asc[0m
Rendered users/_user.html.erb (1.4ms)
Rendered shared/_status.html.erb (0.9ms)
Rendered shared/_nav.html.erb (1.1ms)
Rendered users/index.html.erb within layouts/application (19.0ms)
Completed 200 OK in 43ms (Views: 24.7ms | ActiveRecord: 0.5ms)


Started GET "/test" for 127.0.0.1 at Sun Dec 04 22:31:30 -0600 2011
  Processing by UsersController#show as HTML
  Parameters: {"id"=>"test"}
  [1m[35mUser Load (0.3ms)[0m  SELECT "users".* FROM "users" WHERE ("users"."username" = 'test') LIMIT 1
  [1m[36mPost Load (14.8ms)[0m  [1mSELECT "posts".* FROM "posts" WHERE ("posts".user_id = 1) ORDER BY posts.created_at desc LIMIT 3 OFFSET 0[0m
  [1m[35mVideo Load (0.2ms)[0m  SELECT "videos".* FROM "videos" WHERE ("videos"."id" = 1)
Rendered posts/_post.html.erb (4.1ms)
Rendered shared/_status.html.erb (0.9ms)
Rendered shared/_nav.html.erb (0.9ms)
Rendered users/show.html.erb within layouts/application (11.9ms)
Completed 200 OK in 191ms (Views: 17.6ms | ActiveRecord: 15.3ms)


Started GET "/" for 127.0.0.1 at Sat Dec 10 16:16:35 -0600 2011
  Processing by HomeController#index as HTML
Redirected to http://thevideofeed.dev/videos
Completed 302 Found in 1ms


Started GET "/videos" for 127.0.0.1 at Sat Dec 10 16:16:35 -0600 2011
  Processing by VideosController#index as HTML
  [1m[36mSQL (1.3ms)[0m  [1m SELECT name
 FROM sqlite_master
 WHERE type = 'table' AND NOT name = 'sqlite_sequence'
[0m
  [1m[35mVideo Load (0.5ms)[0m  SELECT "videos".* FROM "videos" ORDER BY videos.created_at desc LIMIT 3 OFFSET 0
Rendered videos/_video.html.erb (146.5ms)
Rendered shared/_status.html.erb (57.2ms)
Rendered shared/_nav.html.erb (1.1ms)
Rendered videos/index.html.erb within layouts/application (218.6ms)
Completed 200 OK in 250ms (Views: 231.8ms | ActiveRecord: 1.8ms)


Started GET "/" for 127.0.0.1 at Sat Dec 10 17:52:32 -0600 2011
  Processing by HomeController#index as HTML
Redirected to http://thevideofeed.dev/videos
Completed 302 Found in 1ms


Started GET "/videos" for 127.0.0.1 at Sat Dec 10 17:52:32 -0600 2011
  Processing by VideosController#index as HTML
  [1m[36mSQL (2.2ms)[0m  [1m SELECT name
 FROM sqlite_master
 WHERE type = 'table' AND NOT name = 'sqlite_sequence'
[0m
  [1m[35mVideo Load (1.2ms)[0m  SELECT "videos".* FROM "videos" ORDER BY videos.created_at desc LIMIT 3 OFFSET 0
Rendered videos/_video.html.erb (144.6ms)
Rendered shared/_status.html.erb (57.8ms)
Rendered shared/_nav.html.erb (1.1ms)
Rendered videos/index.html.erb within layouts/application (214.6ms)
Completed 200 OK in 248ms (Views: 224.4ms | ActiveRecord: 3.4ms)


Started GET "/" for 127.0.0.1 at Tue Dec 13 14:19:10 -0600 2011
  Processing by HomeController#index as HTML
Redirected to http://thevideofeed.dev/videos
Completed 302 Found in 1ms


Started GET "/videos" for 127.0.0.1 at Tue Dec 13 14:19:10 -0600 2011
  Processing by VideosController#index as HTML
  [1m[36mSQL (1.4ms)[0m  [1m SELECT name
 FROM sqlite_master
 WHERE type = 'table' AND NOT name = 'sqlite_sequence'
[0m
  [1m[35mVideo Load (0.6ms)[0m  SELECT "videos".* FROM "videos" ORDER BY videos.created_at desc LIMIT 3 OFFSET 0
Rendered videos/_video.html.erb (173.6ms)
Rendered shared/_status.html.erb (61.2ms)
Rendered shared/_nav.html.erb (1.2ms)
Rendered videos/index.html.erb within layouts/application (283.0ms)
Completed 200 OK in 315ms (Views: 294.4ms | ActiveRecord: 2.0ms)


Started GET "/" for 127.0.0.1 at Tue Dec 27 22:31:52 -0600 2011
  Processing by HomeController#index as HTML
Redirected to http://thevideofeed.dev/videos
Completed 302 Found in 2ms


Started GET "/videos" for 127.0.0.1 at Tue Dec 27 22:31:52 -0600 2011
  Processing by VideosController#index as HTML
  [1m[36mSQL (1.3ms)[0m  [1m SELECT name
 FROM sqlite_master
 WHERE type = 'table' AND NOT name = 'sqlite_sequence'
[0m
  [1m[35mVideo Load (0.5ms)[0m  SELECT "videos".* FROM "videos" ORDER BY videos.created_at desc LIMIT 3 OFFSET 0
Rendered videos/_video.html.erb (170.3ms)
Rendered shared/_status.html.erb (62.3ms)
Rendered shared/_nav.html.erb (1.6ms)
Rendered videos/index.html.erb within layouts/application (303.4ms)
Completed 200 OK in 335ms (Views: 309.5ms | ActiveRecord: 1.8ms)


Started GET "/" for 127.0.0.1 at Sun Jan 08 19:22:48 -0600 2012
  Processing by HomeController#index as HTML
Redirected to http://thevideofeed.dev/videos
Completed 302 Found in 1ms


Started GET "/videos" for 127.0.0.1 at Sun Jan 08 19:23:38 -0600 2012
  Processing by VideosController#index as HTML
  [1m[36mSQL (17.3ms)[0m  [1m SELECT name
 FROM sqlite_master
 WHERE type = 'table' AND NOT name = 'sqlite_sequence'
[0m
  [1m[35mVideo Load (2.7ms)[0m  SELECT "videos".* FROM "videos" ORDER BY videos.created_at desc LIMIT 3 OFFSET 0
Rendered videos/_video.html.erb (190.2ms)
Rendered shared/_status.html.erb (57.7ms)
Rendered shared/_nav.html.erb (1.2ms)
Rendered videos/index.html.erb within layouts/application (291.0ms)
Completed 200 OK in 336ms (Views: 299.2ms | ActiveRecord: 20.0ms)


Started GET "/" for 127.0.0.1 at Thu Feb 02 18:11:46 -0600 2012
  Processing by HomeController#index as HTML
Redirected to http://thevideofeed.dev/videos
Completed 302 Found in 1ms


Started GET "/" for 127.0.0.1 at Sun Feb 19 21:39:14 -0600 2012

PGError (FATAL:  role "trevorturk" does not exist
):
  

Rendered /Users/mmearshe/.rvm/gems/ruby-1.8.7-p334/gems/actionpack-3.0.0/lib/action_dispatch/middleware/templates/rescues/_trace.erb (0.8ms)
Rendered /Users/mmearshe/.rvm/gems/ruby-1.8.7-p334/gems/actionpack-3.0.0/lib/action_dispatch/middleware/templates/rescues/_request_and_response.erb (3.1ms)
Rendered /Users/mmearshe/.rvm/gems/ruby-1.8.7-p334/gems/actionpack-3.0.0/lib/action_dispatch/middleware/templates/rescues/diagnostics.erb within rescues/layout (10.9ms)
